-------------------------------------------------------------------------------
Test set: TestSuite
-------------------------------------------------------------------------------
Tests run: 2, Failures: 1, Errors: 0, Skipped: 0, Time elapsed: 18.988 s <<< FAILURE! - in TestSuite
verifyproductaddedcart(rahulshetty.test.Errorvalidation)  Time elapsed: 8.799 s  <<< FAILURE!
java.lang.AssertionError: expected [false] but found [true]
	at rahulshetty.test.Errorvalidation.verifyproductaddedcart(Errorvalidation.java:42)

